Content-Type: multipart/mixed; boundary="===============2599790227437812403=="
MIME-Version: 1.0
Subject: Leads Report for Cycle 286
From: noreply@yourdomain.com
To: obaidulbiplob.bd@gmail.com
Date: Wed, 03 Sep 2025 17:30:30 -0000
Message-ID: <175692063039.12320.11513148550823933149@Obaidul>

--===============2599790227437812403==
Content-Type: text/plain; charset="utf-8"
MIME-Version: 1.0
Content-Transfer-Encoding: 7bit

Hello ,

Please find attached the foreclosure leads between 2025-06-03 and 2025-06-09.

Best regards,
Your Team
--===============2599790227437812403==
Content-Type: 
 application/vnd.openxmlformats-officedocument.spreadsheetml.sheet
MIME-Version: 1.0
Content-Transfer-Encoding: base64
Content-Disposition: attachment; filename="leads_report.xlsx"

UEsDBBQAAAAIAM+7I1tGx01IlQAAAM0AAAAQAAAAZG9jUHJvcHMvYXBwLnhtbE3PTQvCMAwG4L9S
dreZih6kDkQ9ip68zy51hbYpbYT67+0EP255ecgboi6JIia2mEXxLuRtMzLHDUDWI/o+y8qhiqHk
e64x3YGMsRoPpB8eA8OibdeAhTEMOMzit7Dp1C5GZ3XPlkJ3sjpRJsPiWDQ6sScfq9wcChDneiU+
ixNLOZcrBf+LU8sVU57mym/8ZAW/B7oXUEsDBBQAAAAIAM+7I1s9c7Qf6gAAAMsBAAARAAAAZG9j
UHJvcHMvY29yZS54bWylkU1LxDAQhv/Kkns7aYuKIduL4klBcEHxFpLZ3bLNB8lIu//etO52Fb0J
uWTeZ56ZEKmD0D7ic/QBI3WYVqPtXRI6rNmeKAiApPdoVSoz4XK49dEqyte4g6D0Qe0Qas6vwSIp
o0jBJCzCYmQnpdGLMnzEfhYYDdijRUcJqrKCC0sYbfqzYU4WckzdQg3DUA7NzOWNKnh7enyZly86
l0g5jayVRgsdUZGP7fSicBx7Cd+K8jT7q4BmlScIOgZcs3Py2tzdbx5YW/P6quC3BW821Y1oeD7v
k+tH/0Vovem23T+MZ0Er4de/tZ9QSwMEFAAAAAgAz7sjW5lcnCMQBgAAnCcAABMAAAB4bC90aGVt
ZS90aGVtZTEueG1s7Vpbc9o4FH7vr9B4Z/ZtC8Y2gba0E3Npdtu0mYTtTh+FEViNbHlkkYR/v0c2
EMuWDe2STbqbPAQs6fvORUfn6Dh58+4uYuiGiJTyeGDZL9vWu7cv3uBXMiQRQTAZp6/wwAqlTF61
WmkAwzh9yRMSw9yCiwhLeBTL1lzgWxovI9bqtNvdVoRpbKEYR2RgfV4saEDQVFFab18gtOUfM/gV
y1SNZaMBE1dBJrmItPL5bMX82t4+Zc/pOh0ygW4wG1ggf85vp+ROWojhVMLEwGpnP1Zrx9HSSICC
yX2UBbpJ9qPTFQgyDTs6nVjOdnz2xO2fjMradDRtGuDj8Xg4tsvSi3AcBOBRu57CnfRsv6RBCbSj
adBk2PbarpGmqo1TT9P3fd/rm2icCo1bT9Nrd93TjonGrdB4Db7xT4fDronGq9B062kmJ/2ua6Tp
FmhCRuPrehIVteVA0yAAWHB21szSA5ZeKfp1lBrZHbvdQVzwWO45iRH+xsUE1mnSGZY0RnKdkAUO
ADfE0UxQfK9BtorgwpLSXJDWzym1UBoImsiB9UeCIcXcr/31l7vJpDN6nX06zmuUf2mrAaftu5vP
k/xz6OSfp5PXTULOcLwsCfH7I1thhyduOxNyOhxnQnzP9vaRpSUyz+/5CutOPGcfVpawXc/P5J6M
ciO73fZYffZPR24j16nAsyLXlEYkRZ/ILbrkETi1SQ0yEz8InYaYalAcAqQJMZahhvi0xqwR4BN9
t74IyN+NiPerb5o9V6FYSdqE+BBGGuKcc+Zz0Wz7B6VG0fZVvNyjl1gVAZcY3zSqNSzF1niVwPGt
nDwdExLNlAsGQYaXJCYSqTl+TUgT/iul2v6c00DwlC8k+kqRj2mzI6d0Js3oMxrBRq8bdYdo0jx6
/gX5nDUKHJEbHQJnG7NGIYRpu/AerySOmq3CEStCPmIZNhpytRaBtnGphGBaEsbReE7StBH8Waw1
kz5gyOzNkXXO1pEOEZJeN0I+Ys6LkBG/HoY4SprtonFYBP2eXsNJweiCy2b9uH6G1TNsLI73R9QX
SuQPJqc/6TI0B6OaWQm9hFZqn6qHND6oHjIKBfG5Hj7lengKN5bGvFCugnsB/9HaN8Kr+ILAOX8u
fc+l77n0PaHStzcjfWfB04tb3kZuW8T7rjHa1zQuKGNXcs3Ix1SvkynYOZ/A7P1oPp7x7frZJISv
mlktIxaQS4GzQSS4/IvK8CrECehkWyUJy1TTZTeKEp5CG27pU/VKldflr7kouDxb5OmvoXQ+LM/5
PF/ntM0LM0O3ckvqtpS+tSY4SvSxzHBOHssMO2c8kh22d6AdNfv2XXbkI6UwU5dDuBpCvgNtup3c
OjiemJG5CtNSkG/D+enFeBriOdkEuX2YV23n2NHR++fBUbCj7zyWHceI8qIh7qGGmM/DQ4d5e1+Y
Z5XGUDQUbWysJCxGt2C41/EsFOBkYC2gB4OvUQLyUlVgMVvGAyuQonxMjEXocOeXXF/j0ZLj26Zl
tW6vKXcZbSJSOcJpmBNnq8reZbHBVR3PVVvysL5qPbQVTs/+Wa3InwwRThYLEkhjlBemSqLzGVO+
5ytJxFU4v0UzthKXGLzj5sdxTlO4Ena2DwIyubs5qXplMWem8t8tDAksW4hZEuJNXe3V55ucrnoi
dvqXd8Fg8v1wyUcP5TvnX/RdQ65+9t3j+m6TO0hMnHnFEQF0RQIjlRwGFhcy5FDukpAGEwHNlMlE
8AKCZKYcgJj6C73yDLkpFc6tPjl/RSyDhk5e0iUSFIqwDAUhF3Lj7++TaneM1/osgW2EVDJk1RfK
Q4nBPTNyQ9hUJfOu2iYLhdviVM27Gr4mYEvDem6dLSf/217UPbQXPUbzo5ngHrOHc5t6uMJFrP9Y
1h75Mt85cNs63gNe5hMsQ6R+wX2KioARq2K+uq9P+SWcO7R78YEgm/zW26T23eAMfNSrWqVkKxE/
Swd8H5IGY4xb9DRfjxRiraaxrcbaMQx5gFjzDKFmON+HRZoaM9WLrDmNCm9B1UDlP9vUDWj2DTQc
kQVeMZm2NqPkTgo83P7vDbDCxI7h7Yu/AVBLAwQUAAAACADPuyNbvYXujS8MAADHWwAAGAAAAHhs
L3dvcmtzaGVldHMvc2hlZXQxLnhtbJ2ca3ObyBKG/wqlD6dyqpKI4U6O7SoBci7r2F47l918SRFp
FLMrgQ6gdZLKjz/oMmMcujXdJx8SCc070D2P32YaRyf3Vf13cydla31bLcvmdHTXtusX43Ezu5Or
vHlerWXZfbKo6lXedm/rr+NmXct8vhOtlmPHtoPxKi/K0dnJ7th1fXZSbdplUcrr2mo2q1Vef0/k
sro/HYmROnBTfL1rdwfGZyfr/Ku8le37dSfo3o71PPNiJcumqEqrlovT0US8mL5xdpLdkA+FvG96
r61tNF+q6u/tm9fz05E92k5eSuv77XpZ7M/XVusLuWhTuVx2M3az5bO2+Eded8NOR1+qtq1W28+7
K23ztju0qKsfstyfVC5lN7i7nPVg9H6Ww6zbOP97uOTRQ0jby+q/Vtd+vstuF/yXvJFptfxYzNu7
01E0suZykW+W7U11/0oeMubvJpxVy2b3t3W/HxyOrNmm6S7nIO7OuyrK/b/5N5XpniBABM5B4Pwq
EAJRuAeFO1C4iMI7KLxfFZjAPwj8XwVY2MFBEAyuyUMU4UER/qpwsLijgyIanMNGFPFBEf+qiLHV
s9Xy2YNUYYEIveSDNRculmChll0M1z3CNGrhxXDlsQwItfRisPYCI1Ko1ReD5cc1CgAxIADNtSJA
DBBAoRGKATGAAP2BVBCIAQU+9iOpKHAGFAgsGkdR4AwowK7M0T/6QwYcTKMYcIYMoBrFgDNkANUo
BpwhA6hGMeAMXQDVKAicIQSoRkHgDJ0A1SgKnAEFqMZVGLhDDLA1dRUGLhkDV2Hg0jFwdQ2gY+Aq
DFw6Bq7CwKVj4CoMXDoGrsLApWPgKgxcOgauwsClY+ApDLwBBh5mh57CwCNj4CkMPDoGnsLAo2Pg
6ZsBOgaewsCjY+ApDDw6Bp7CwKNj4CkMPDoGnsLAo2PgKwz84a0BhoGvMPDJGPgKA5+Oga8w8OkY
+AoDn46Br28L6Rj4CgOfjoGvMPDpGPgKA5+Oga8w8OkYBAqDYICBg94cKwwCMgaBwiCgYxAoDAI6
BoHCIKBjECgMAjoGgd4g0DEIFAYBHYNAYRDQMQgUBgEdg1BhEA7vDdAdj8IgJGMQKgxCOgahwiCk
YxAqDEI6BqHCIKRjECoMQjoGod4p0jEIFQYhHYNQYRDSMYgUBhEdg0hhEJExiBQGER2DSGEQ0TGI
FAYRHYNIYRDRMYgUBhEdg0hhENExiHTLgI5BpDCI6BjECoOYjkGsMIjJGMQKg5iOQawwiOkYxAqD
mI5BrDCI6RjECoOYjkGsMIjpGMQKg5iOQax7R3QMhP3QPqKDIGzdQLLJKAhbN5BsOgzC1i0km46D
sHUTyaYDIWzdRrLpSAhbN5JsOhTC1r0km46FsHU3yaaDIWzdULIZaDx0FoetRYE1okSvtzhAA20T
PvQWgeYi2pB86C4C7UVcpdEAGoy4SqMBtBhxlUZj2GQ8otJoAH1GXKXRGHYaj6g0GsNmI67S7UYB
9BtRNHTDUQw7jigauuUogJ4jfoEaDaDriKs0GkDfEVdpNIDOI67SaAC9R1yl0QC6j7hKowH0H3GV
RgPoQKIq3YIUQA8SRUM3IcWwC4k/XNBoAH1I/AIfnkkw0NCtSAH0InGVRgPoRuIqjQbQj8RVGg2g
I4mrNBpATxJXaTSAriSq0m1JcehLjme7Z5S7J5xZ3uZnJ3V1b9VbSTfl9sXuOeluivZ0VJTbR8a3
bd19WnS69mz3APZk3HZTbQ+MZwdZclw2qzZl+x3Qpcd13TVK66JoWjkHxNlx8UXetNaNXFc1LJ8e
lxeQ5twU52olyxYQvjTkdVOvl5vm8za/mwbQvzquT/NGXm5WX2QNaF8bzp0v5ec5vK5vCNL2+xqS
/nZcer3Mi7ItFgtAemGgQi5kOc/BPL89Ll3Mlp8XRZkvP/+1mX9F1uqSEPS6LmZQ1FfHteuqaYov
nf6w4MAM18dn+EfWxaKQ8yMz/G64hryeyeVnkO+b49Lu9fb3UibzeS0b6NS3BkwL0AXeHVd9KtaA
6L3hVFXZ5rPWusxX0hKA/sNx/XSVF0tQ+PG48GNRy2WXHUs8h9R/kNUOoP6TrHYB9Sey2gPUE0Nt
uMjL+fYYEvjEUCN6cijyiaFU9ORQ6BNjsdByMHZDsXhEG3j5hsqxxw1UGkqHXjUHTruhcvTk4NkN
xaMnB9NuKCA9OZh2QxHRq4bEbigkPTkYu6GY9ORg7IY60pODsRtKySPkwPMbKskeOVBpqCB61Vw4
7YYq0pODaTcUkZ4cvHhDNenJwbQb6opeNSR2Q1npycHYDcWlJwdjN1SXnhyM3VBeHiEHTmCoMHvk
IGViKC561Tww7YmhuPTkUNoTQ3HpyaG0J4bi0pODsRuKi141JHZDaenJwdgN9aUnB2M31JeeHIzd
UF8eIedDExgqzB45UGkoLnrVfDjthuLSk4NpNxSXnhxMu6G49ORg2g3FRa8aEruhtPTkYOyG+tKT
g7Eb6ktPDsZu2qT0kQugCQwVZo8cqDQUF71qAZx2Q3HpycG0U3cuAZx26tYlgNNuKC561ZDYDaWl
J4diT6mbFzj2lLp5gWNPDfXlEXIhNIGhwuyRA5WG4qJXLQTTnhqKS08Opp26eQnhtFM3LyGcdkNx
0auGxG4oLT05GDt184LETt28ILEb6ssj5CJoAkOF2SMHKg3FRa9aBKfdUFx6cjDt1M1LBKedunmJ
4LQbioteNSR2Q2npycHYqZsXJHbq5gWJ3VBfHiEXQxMYKsweOVBJbYzFcNqpnbEYTHtG3bzEYNoz
6uYlBtOeUTtjcOwZtTOGxE7dvCCxUzcvSOyG+vK4C2xDMxhKzKEPDEqpvTFhw5mnNsc6PZh66gam
04O5p+5gOj2YfGp/DIuf2iDD4qduYrD4qbsYLH5DpXkMH5gBQ7E5wAdKqV0yAbfjM2qbTMD9+Iy6
lRFwQz6j7mUE3JHPqJ0yLH5qqwyLn7qdweKn7meQ+KeGmvMYPiiCqaHsHOADpdR+mYAb81Nqw0zA
nfkpdVMj4Nb8lLqrEXBvfkrtmWHxU5tmWPzUjQ0WP3VnM4x/XFf3+tdGnJFq/DrITOcXVzevswm0
occkyft3F9Mb6C4NU9jR2InHju1Abb7s/1JNMZXvQVue81+H735HZ/vJS2yismqtuWxlveo+gJ7F
v8KU6Qeru2rPsj1LBHH45LIq5b+BCV5jE2xjfmYHz2yI7TeYqs2/AcN/w4ZfF2WZz5bSSmvZtNbF
RWr9tG7z8q9inlvv8roogdkusNne1tab6q7M27u8tKzbVdHeWT+fWmnetFVtWeeyLjtm5Y/twVfF
l00z2zSWNekO1U1VWj/1sfNNObdeX6ZPlaayrJdV+SNfbsXn1kvrRnbOuXzaaax/5av1f6y3VlrV
66rOt98zAVz0W5Sw5zZ033iJjff8AFZcsRXX6No7sOB3TCAcyEFu0OFCWM5lZt2+A1S3mOrq5mJy
mV0Bkndo6K4LXtl7BkKA/AMmfwYM/sgZ/Adn8J+cwZ84gyeoV4OjUZsGR6MWDY5GrRkcjVrywAQg
9cChj54LdW1wNOrU4GjUlsHRqB2Do1E3BkejbguORm0OHI2aHDgaNbiBb1tP0umV9cKCXB4qghPU
CcELQW0QHI26IDgadT9wNGp84GjU9cDRLJObsFxuwrK5CepzD5XYerJdbqBag8vN8sKE5YUJywsT
lhcmLC9MUC8ER7O8L2F5X8LyvgT1PvBea7/y3R9opROWMyYsZ0xYzpiwnDFhOWOCOiM4mmV2Ccvs
EpbZJSyzS1hml7DMLmGZXcIyu4Rldgnrpi5hOVnKcrKU5WQpy8lSlpOlLCdLWU6WspwsZTlZyrqL
S1lelbK8KmV5VcryqpTlVSnLq1KWV6Usr0pZXpWyvCpleVXK8qqU5VUpy6tSllelLK9KWV6Vsbwq
Y3lVxvKqjOVVGcurMpZXZSyvylhelbG8KmN5VcbyqozlVRnLqzKWV2Usr8pYXpWxvCpjeVXG8qqM
5VUZy6sylldlLK/KWF6VsbwqY3nVlOVVU5ZXTVleNWV51ZTlVVOWV01ZXjVledWU5VVTqlftn1qN
e//xefsF12/z+mtRNtZSLrpJ7Ofbb6mq99/pvH/TVuvdQ7L9t0rvXt7JfC7r7YDu80VVtfrN9v9X
6+/uPvsfUEsDBBQAAAAIAM+7I1sYtBxXZAIAAMAKAAANAAAAeGwvc3R5bGVzLnhtbN1W246bMBD9
FeQPKEtQUahCHooUqVJbrbT70FcTTGLJF2rMKunX12M7gexmWLXqU0GBmTk+c/NYZDPYs2BPR8Zs
cpJCDRU5Wtt/StNhf2SSDh90z5RDOm0ktU41h3ToDaPtACQp0tXDQ5FKyhXZbtQod9IOyV6Pylbk
gSTpdtNpNZlWJBjcWipZ8kJFRWoqeGN4WEwlF+dgX3nLXgttEuuyYRXJvGn4FRZkUYVUoy/JlTbe
moYw4dlEwhzxr8Gt4ELc5ucM201PrWVG7ZwSSN76Fovy87l3+R0MPWerj2TG8C8XptGmZeYaKCMX
03YjWGeBYfjh6AWre3g12lotQWo5PWhFQyYXWhSc7z0T4gl28kd3E+DUJWFLvrR+N6Dii+iyimJw
ExUIMHcXnM/8rv7Ob89ftP08uoKU13+O2rJHwzp+8vqpmxLA3Gf/xn0aK5r17aZrV2sCM1qR7zD7
YuajGbmwXEXtyNuWqbfNc/4tbdzpugngVrWso6Owz1ewIpP8jbV8lOV11SMUFldN8leYlKyYDogL
xlXLTqyto2oOjRcTJ7iw8fKM19DOXwiEsgKIQACisdA0UFbgobH+x7rWeF0BRDNc34fWOGuNswLv
LlT7G42FsEp3ISWXZZ4XBdreur6fRo32sCjghzhEMwQOGgui/WnnFwZgYWzemQ10lxfHBi15YUTR
khc6DxDSQ+CUJTIAaCzgoJuCThQkgcSCUUNYeQ77jGaIHvMFqCxRCIYUmd6iwBpVwI3sF3qI8rws
EQhAJI08RyE4sAsQmgYkgkJ5Hj6kr75n6eU7l07/Wbe/AVBLAwQUAAAACADPuyNbt0frisAAAAAW
AgAACwAAAF9yZWxzLy5yZWxznZJLbgIxDECvEmVfTKnEAjGs2LBDiAu4ieejmcSRY8T09o3YwCBo
EUv/np4trw80oHYcc9ulbMYwxFzZVjWtALJrKWCecaJYKjVLQC2hNJDQ9dgQLObzJcgtw27Wt0xz
/En0CpHrunO0ZXcKFPUB+K7DmiNKQ1rZcYAzS//N3M8K1Jqdr6zs/Kc18KbM8/UgkKJHRXAs9JGk
TIt2lK8+nt2+pPOlY2K0eN/o//PQqBQ9+b+dMKWJ0tdFCSZvsPkFUEsDBBQAAAAIAM+7I1tZcHHX
NwEAADECAAAPAAAAeGwvd29ya2Jvb2sueG1sjZDRTsMwDEV/pcoH0G6CSUzrXpiASQgQQ3tPW3e1
lsRV4q6wr8dpKUzihafE187JvV715I8F0TH5sMaFpc9Vw9wu0zSUDVgdrqgFJ72avNUspT+kVNdY
wobKzoLjdJ5li9SD0YzkQoNtUCPtP6zQetBVaADYmhFlNTq1Xk3OXn2SXlbEUMafohqVPUIffgdi
mZwwYIEG+TNXw92ASiw6tHiGKleZSkJD/SN5PJNjbXalJ2NyNRsbe/CM5R95F22+6yIMCuviLWbO
1SITYI0+8DAx8LWYPIEMj1XHdI+GwW80w4OnrkV3GDASI73IMaxiOhOnLeRKKAaLRJ7qABy9SG9b
jb5YgBcp/RKl4bfVN3riVVCjg+pZgCE2JF0pq43HQJpf38xuJUVnzJ1oL+6JdPVjcNru+gtQSwME
FAAAAAgAz7sjWzPr47qtAAAA+wEAABoAAAB4bC9fcmVscy93b3JrYm9vay54bWwucmVsc7WRPQ6D
MAyFrxLlABio1KECpi6sFReIgvkRgUSxq8LtG8EASB26MFnPlr/3ZGcvNIp7O1HXOxLzaCbKZcfs
HgCkOxwVRdbhFCaN9aPiIH0LTulBtQhpHN/BHxmyyI5MUS0O/yHapuk1Pq1+jzjxDzB8rB+oQ2Qp
KuVb5FzCbPY2wVqSKJClKOtc+rJOpIDLEhEvBmmPs+mTf3qlP4dd3O1XuTXPR7itIeD06+ILUEsD
BBQAAAAIAM+7I1ubhkKEGwEAANcDAAATAAAAW0NvbnRlbnRfVHlwZXNdLnhtbK2Tz07DMAzGX6Xq
dWozOHBA6y6MK+zAC4TEXaPmn2JvdG+P27JKoLENlUujxvb3c/wlq7djBMw6Zz1WeUMUH4VA1YCT
WIYIniN1SE4S/6adiFK1cgfifrl8ECp4Ak8F9Rr5erWBWu4tZc8db6MJvsoTWMyzpzGxZ1W5jNEa
JYnj4uD1D0rxRSi5csjBxkRccEKeibOIIfQr4VT4eoCUjIZsKxO9SMdporMC6WgBy8saZ7oMdW0U
6KD2jktKjAmkxgaAnC1H0cUVNPGQYfzezW5gkLlI5NRtChHZtQR/551s6auLyEKQyFw55IRk7dkn
hN5xDfpWOE/4I6R28ATFsMwf83efJ/1bGnkPof3ve9avpZPGTw2I4T2vPwFQSwECFAAUAAAACADP
uyNbRsdNSJUAAADNAAAAEAAAAAAAAAAAAAAAgAEAAAAAZG9jUHJvcHMvYXBwLnhtbFBLAQIUABQA
AAAIAM+7I1s9c7Qf6gAAAMsBAAARAAAAAAAAAAAAAACAAcMAAABkb2NQcm9wcy9jb3JlLnhtbFBL
AQIUABQAAAAIAM+7I1uZXJwjEAYAAJwnAAATAAAAAAAAAAAAAACAAdwBAAB4bC90aGVtZS90aGVt
ZTEueG1sUEsBAhQAFAAAAAgAz7sjW72F7o0vDAAAx1sAABgAAAAAAAAAAAAAALaBHQgAAHhsL3dv
cmtzaGVldHMvc2hlZXQxLnhtbFBLAQIUABQAAAAIAM+7I1sYtBxXZAIAAMAKAAANAAAAAAAAAAAA
AACAAYIUAAB4bC9zdHlsZXMueG1sUEsBAhQAFAAAAAgAz7sjW7dH64rAAAAAFgIAAAsAAAAAAAAA
AAAAAIABERcAAF9yZWxzLy5yZWxzUEsBAhQAFAAAAAgAz7sjW1lwcdc3AQAAMQIAAA8AAAAAAAAA
AAAAAIAB+hcAAHhsL3dvcmtib29rLnhtbFBLAQIUABQAAAAIAM+7I1sz6+O6rQAAAPsBAAAaAAAA
AAAAAAAAAACAAV4ZAAB4bC9fcmVscy93b3JrYm9vay54bWwucmVsc1BLAQIUABQAAAAIAM+7I1ub
hkKEGwEAANcDAAATAAAAAAAAAAAAAACAAUMaAABbQ29udGVudF9UeXBlc10ueG1sUEsFBgAAAAAJ
AAkAPgIAAI8bAAAAAA==

--===============2599790227437812403==--

-------------------------------------------------------------------------------
